# JRE version: Java(TM) SE Runtime Environment (21.0.6+8) (build 21.0.6+8-LTS-188)
# Java VM: Java HotSpot(TM) 64-Bit Server VM (21.0.6+8-LTS-188, mixed mode, sharing, tiered, compressed oops, compressed class ptrs, g1 gc, windows-amd64)
GC Precious Log:
 CardTable entry size: 512
 Card Set container configuration: InlinePtr #cards 5 size 8 Array Of Cards #cards 12 size 40 Howl #buckets 4 coarsen threshold 1843 Howl Bitmap #cards 512 size 80 coarsen threshold 460 Card regions per heap region 1 cards per card region 2048
 CPUs: 8 total, 8 available
 Memory: 7103M
 Large Page Support: Disabled
 NUMA Support: Disabled
 Compressed Oops: Enabled (32-bit)
 Heap Region Size: 1M
 Heap Min Capacity: 8M
 Heap Initial Capacity: 112M
 Heap Max Capacity: 1776M
 Pre-touch: Disabled
 Parallel Workers: 8
 Concurrent Workers: 2
 Concurrent Refinement Workers: 8
 Periodic GC: Disabled
Heap:
 garbage-first heap   total 141312K, used 104288K [0x0000000091000000, 0x0000000100000000)
  region size 1024K, 62 young (63488K), 11 survivors (11264K)
 Metaspace       used 29334K, committed 29696K, reserved 1114112K
  class space    used 3239K, committed 3392K, reserved 1048576K
GC Heap History (16 events):
Event: 0.962 GC heap before
{Heap before GC invocations=0 (full 0):
 garbage-first heap   total 114688K, used 22528K [0x0000000091000000, 0x0000000100000000)
  region size 1024K, 23 young (23552K), 0 survivors (0K)
 Metaspace       used 5757K, committed 5952K, reserved 1114112K
  class space    used 656K, committed 768K, reserved 1048576K
}
Event: 0.971 GC heap after
{Heap after GC invocations=1 (full 0):
 garbage-first heap   total 114688K, used 3844K [0x0000000091000000, 0x0000000100000000)
  region size 1024K, 3 young (3072K), 3 survivors (3072K)
 Metaspace       used 5757K, committed 5952K, reserved 1114112K
  class space    used 656K, committed 768K, reserved 1048576K
}
Event: 2.014 GC heap before
{Heap before GC invocations=1 (full 0):
 garbage-first heap   total 114688K, used 34564K [0x0000000091000000, 0x0000000100000000)
  region size 1024K, 33 young (33792K), 3 survivors (3072K)
 Metaspace       used 10904K, committed 11136K, reserved 1114112K
  class space    used 1282K, committed 1408K, reserved 1048576K
}
Event: 2.024 GC heap after
{Heap after GC invocations=2 (full 0):
 garbage-first heap   total 114688K, used 6363K [0x0000000091000000, 0x0000000100000000)
  region size 1024K, 3 young (3072K), 3 survivors (3072K)
 Metaspace       used 10904K, committed 11136K, reserved 1114112K
  class space    used 1282K, committed 1408K, reserved 1048576K
}
Event: 3.821 GC heap before
{Heap before GC invocations=2 (full 0):
 garbage-first heap   total 114688K, used 71899K [0x0000000091000000, 0x0000000100000000)
  region size 1024K, 67 young (68608K), 3 survivors (3072K)
 Metaspace       used 15975K, committed 16192K, reserved 1114112K
  class space    used 1821K, committed 1920K, reserved 1048576K
}
Event: 3.845 GC heap after
{Heap after GC invocations=3 (full 0):
 garbage-first heap   total 114688K, used 13705K [0x0000000091000000, 0x0000000100000000)
  region size 1024K, 9 young (9216K), 9 survivors (9216K)
 Metaspace       used 15975K, committed 16192K, reserved 1114112K
  class space    used 1821K, committed 1920K, reserved 1048576K
}
Event: 4.823 GC heap before
{Heap before GC invocations=3 (full 0):
 garbage-first heap   total 114688K, used 73097K [0x0000000091000000, 0x0000000100000000)
  region size 1024K, 67 young (68608K), 9 survivors (9216K)
 Metaspace       used 16528K, committed 16768K, reserved 1114112K
  class space    used 1823K, committed 1920K, reserved 1048576K
}
Event: 4.849 GC heap after
{Heap after GC invocations=4 (full 0):
 garbage-first heap   total 114688K, used 19249K [0x0000000091000000, 0x0000000100000000)
  region size 1024K, 5 young (5120K), 5 survivors (5120K)
 Metaspace       used 16528K, committed 16768K, reserved 1114112K
  class space    used 1823K, committed 1920K, reserved 1048576K
}
Event: 5.532 GC heap before
{Heap before GC invocations=4 (full 0):
 garbage-first heap   total 114688K, used 70449K [0x0000000091000000, 0x0000000100000000)
  region size 1024K, 24 young (24576K), 5 survivors (5120K)
 Metaspace       used 17632K, committed 17920K, reserved 1114112K
  class space    used 1933K, committed 2048K, reserved 1048576K
}
Event: 5.541 GC heap after
{Heap after GC invocations=5 (full 0):
 garbage-first heap   total 114688K, used 19761K [0x0000000091000000, 0x0000000100000000)
  region size 1024K, 6 young (6144K), 6 survivors (6144K)
 Metaspace       used 17632K, committed 17920K, reserved 1114112K
  class space    used 1933K, committed 2048K, reserved 1048576K
}
Event: 6.454 GC heap before
{Heap before GC invocations=5 (full 0):
 garbage-first heap   total 114688K, used 84273K [0x0000000091000000, 0x0000000100000000)
  region size 1024K, 34 young (34816K), 6 survivors (6144K)
 Metaspace       used 20463K, committed 20736K, reserved 1114112K
  class space    used 2250K, committed 2368K, reserved 1048576K
}
Event: 6.464 GC heap after
{Heap after GC invocations=6 (full 0):
 garbage-first heap   total 114688K, used 21856K [0x0000000091000000, 0x0000000100000000)
  region size 1024K, 3 young (3072K), 3 survivors (3072K)
 Metaspace       used 20463K, committed 20736K, reserved 1114112K
  class space    used 2250K, committed 2368K, reserved 1048576K
}
Event: 6.618 GC heap before
{Heap before GC invocations=6 (full 0):
 garbage-first heap   total 114688K, used 38240K [0x0000000091000000, 0x0000000100000000)
  region size 1024K, 14 young (14336K), 3 survivors (3072K)
 Metaspace       used 21239K, committed 21504K, reserved 1114112K
  class space    used 2360K, committed 2496K, reserved 1048576K
}
Event: 6.628 GC heap after
{Heap after GC invocations=7 (full 0):
 garbage-first heap   total 138240K, used 31584K [0x0000000091000000, 0x0000000100000000)
  region size 1024K, 7 young (7168K), 7 survivors (7168K)
 Metaspace       used 21239K, committed 21504K, reserved 1114112K
  class space    used 2360K, committed 2496K, reserved 1048576K
}
Event: 8.324 GC heap before
{Heap before GC invocations=8 (full 0):
 garbage-first heap   total 112640K, used 111456K [0x0000000091000000, 0x0000000100000000)
  region size 1024K, 81 young (82944K), 7 survivors (7168K)
 Metaspace       used 26887K, committed 27264K, reserved 1114112K
  class space    used 2981K, committed 3136K, reserved 1048576K
}
Event: 8.361 GC heap after
{Heap after GC invocations=9 (full 0):
 garbage-first heap   total 141312K, used 54112K [0x0000000091000000, 0x0000000100000000)
  region size 1024K, 11 young (11264K), 11 survivors (11264K)
 Metaspace       used 26887K, committed 27264K, reserved 1114112K
  class space    used 2981K, committed 3136K, reserved 1048576K
}

