# JRE version: OpenJDK Runtime Environment Corretto-21.0.10.7.1 (21.0.10+7) (build 21.0.10+7-LTS)
# Java VM: OpenJDK 64-Bit Server VM Corretto-21.0.10.7.1 (21.0.10+7-LTS, mixed mode, sharing, tiered, compressed oops, compressed class ptrs, g1 gc, windows-amd64)
GC Precious Log:
 CardTable entry size: 512
 Card Set container configuration: InlinePtr #cards 5 size 8 Array Of Cards #cards 12 size 40 Howl #buckets 4 coarsen threshold 1843 Howl Bitmap #cards 512 size 80 coarsen threshold 460 Card regions per heap region 1 cards per card region 2048
 CPUs: 8 total, 8 available
 Memory: 7103M
 Large Page Support: Disabled
 NUMA Support: Disabled
 Compressed Oops: Enabled (32-bit)
 Heap Region Size: 1M
 Heap Min Capacity: 8M
 Heap Initial Capacity: 112M
 Heap Max Capacity: 1776M
 Pre-touch: Disabled
 Parallel Workers: 8
 Concurrent Workers: 2
 Concurrent Refinement Workers: 8
 Periodic GC: Disabled
Heap:
 garbage-first heap   total 107520K, used 90060K [0x0000000091000000, 0x0000000100000000)
  region size 1024K, 40 young (40960K), 3 survivors (3072K)
 Metaspace       used 123458K, committed 124608K, reserved 1179648K
  class space    used 16523K, committed 17024K, reserved 1048576K
GC Heap History (20 events):
Event: 31.168 GC heap before
{Heap before GC invocations=24 (full 0):
 garbage-first heap   total 75776K, used 68977K [0x0000000091000000, 0x0000000100000000)
  region size 1024K, 27 young (27648K), 3 survivors (3072K)
 Metaspace       used 90293K, committed 91136K, reserved 1179648K
  class space    used 12352K, committed 12736K, reserved 1048576K
}
Event: 31.173 GC heap after
{Heap after GC invocations=25 (full 0):
 garbage-first heap   total 75776K, used 44475K [0x0000000091000000, 0x0000000100000000)
  region size 1024K, 3 young (3072K), 3 survivors (3072K)
 Metaspace       used 90293K, committed 91136K, reserved 1179648K
  class space    used 12352K, committed 12736K, reserved 1048576K
}
Event: 32.550 GC heap before
{Heap before GC invocations=25 (full 0):
 garbage-first heap   total 75776K, used 69051K [0x0000000091000000, 0x0000000100000000)
  region size 1024K, 28 young (28672K), 3 survivors (3072K)
 Metaspace       used 92706K, committed 93632K, reserved 1179648K
  class space    used 12665K, committed 13056K, reserved 1048576K
}
Event: 32.556 GC heap after
{Heap after GC invocations=26 (full 0):
 garbage-first heap   total 75776K, used 46218K [0x0000000091000000, 0x0000000100000000)
  region size 1024K, 4 young (4096K), 4 survivors (4096K)
 Metaspace       used 92706K, committed 93632K, reserved 1179648K
  class space    used 12665K, committed 13056K, reserved 1048576K
}
Event: 33.206 GC heap before
{Heap before GC invocations=27 (full 0):
 garbage-first heap   total 78848K, used 69770K [0x0000000091000000, 0x0000000100000000)
  region size 1024K, 27 young (27648K), 4 survivors (4096K)
 Metaspace       used 94627K, committed 95616K, reserved 1179648K
  class space    used 13010K, committed 13440K, reserved 1048576K
}
Event: 33.213 GC heap after
{Heap after GC invocations=28 (full 0):
 garbage-first heap   total 78848K, used 46924K [0x0000000091000000, 0x0000000100000000)
  region size 1024K, 3 young (3072K), 3 survivors (3072K)
 Metaspace       used 94627K, committed 95616K, reserved 1179648K
  class space    used 13010K, committed 13440K, reserved 1048576K
}
Event: 34.499 GC heap before
{Heap before GC invocations=28 (full 0):
 garbage-first heap   total 78848K, used 71500K [0x0000000091000000, 0x0000000100000000)
  region size 1024K, 28 young (28672K), 3 survivors (3072K)
 Metaspace       used 101159K, committed 102144K, reserved 1179648K
  class space    used 13615K, committed 14080K, reserved 1048576K
}
Event: 34.510 GC heap after
{Heap after GC invocations=29 (full 0):
 garbage-first heap   total 79872K, used 47906K [0x0000000091000000, 0x0000000100000000)
  region size 1024K, 4 young (4096K), 4 survivors (4096K)
 Metaspace       used 101159K, committed 102144K, reserved 1179648K
  class space    used 13615K, committed 14080K, reserved 1048576K
}
Event: 89.220 GC heap before
{Heap before GC invocations=29 (full 0):
 garbage-first heap   total 79872K, used 72482K [0x0000000091000000, 0x0000000100000000)
  region size 1024K, 29 young (29696K), 4 survivors (4096K)
 Metaspace       used 107710K, committed 108736K, reserved 1179648K
  class space    used 14302K, committed 14720K, reserved 1048576K
}
Event: 89.238 GC heap after
{Heap after GC invocations=30 (full 0):
 garbage-first heap   total 79872K, used 49103K [0x0000000091000000, 0x0000000100000000)
  region size 1024K, 3 young (3072K), 3 survivors (3072K)
 Metaspace       used 107710K, committed 108736K, reserved 1179648K
  class space    used 14302K, committed 14720K, reserved 1048576K
}
Event: 374.095 GC heap before
{Heap before GC invocations=31 (full 0):
 garbage-first heap   total 83968K, used 72655K [0x0000000091000000, 0x0000000100000000)
  region size 1024K, 27 young (27648K), 3 survivors (3072K)
 Metaspace       used 111017K, committed 112064K, reserved 1179648K
  class space    used 14736K, committed 15232K, reserved 1048576K
}
Event: 374.132 GC heap after
{Heap after GC invocations=32 (full 0):
 garbage-first heap   total 83968K, used 50741K [0x0000000091000000, 0x0000000100000000)
  region size 1024K, 3 young (3072K), 3 survivors (3072K)
 Metaspace       used 111017K, committed 112064K, reserved 1179648K
  class space    used 14736K, committed 15232K, reserved 1048576K
}
Event: 380.342 GC heap before
{Heap before GC invocations=32 (full 0):
 garbage-first heap   total 83968K, used 77365K [0x0000000091000000, 0x0000000100000000)
  region size 1024K, 30 young (30720K), 3 survivors (3072K)
 Metaspace       used 117620K, committed 118720K, reserved 1179648K
  class space    used 15825K, committed 16320K, reserved 1048576K
}
Event: 380.394 GC heap after
{Heap after GC invocations=33 (full 0):
 garbage-first heap   total 84992K, used 51098K [0x0000000091000000, 0x0000000100000000)
  region size 1024K, 3 young (3072K), 3 survivors (3072K)
 Metaspace       used 117620K, committed 118720K, reserved 1179648K
  class space    used 15825K, committed 16320K, reserved 1048576K
}
Event: 776.839 GC heap before
{Heap before GC invocations=33 (full 0):
 garbage-first heap   total 84992K, used 79770K [0x0000000091000000, 0x0000000100000000)
  region size 1024K, 31 young (31744K), 3 survivors (3072K)
 Metaspace       used 120473K, committed 121600K, reserved 1179648K
  class space    used 16211K, committed 16704K, reserved 1048576K
}
Event: 777.103 GC heap after
{Heap after GC invocations=34 (full 0):
 garbage-first heap   total 84992K, used 51825K [0x0000000091000000, 0x0000000100000000)
  region size 1024K, 3 young (3072K), 3 survivors (3072K)
 Metaspace       used 120473K, committed 121600K, reserved 1179648K
  class space    used 16211K, committed 16704K, reserved 1048576K
}
Event: 1413.918 GC heap before
{Heap before GC invocations=35 (full 0):
 garbage-first heap   total 89088K, used 78449K [0x0000000091000000, 0x0000000100000000)
  region size 1024K, 29 young (29696K), 3 survivors (3072K)
 Metaspace       used 120701K, committed 121856K, reserved 1179648K
  class space    used 16214K, committed 16704K, reserved 1048576K
}
Event: 1414.062 GC heap after
{Heap after GC invocations=36 (full 0):
 garbage-first heap   total 107520K, used 52090K [0x0000000091000000, 0x0000000100000000)
  region size 1024K, 1 young (1024K), 1 survivors (1024K)
 Metaspace       used 120701K, committed 121856K, reserved 1179648K
  class space    used 16214K, committed 16704K, reserved 1048576K
}
Event: 2240.072 GC heap before
{Heap before GC invocations=36 (full 0):
 garbage-first heap   total 107520K, used 100218K [0x0000000091000000, 0x0000000100000000)
  region size 1024K, 49 young (50176K), 1 survivors (1024K)
 Metaspace       used 121709K, committed 122816K, reserved 1179648K
  class space    used 16268K, committed 16768K, reserved 1048576K
}
Event: 2240.180 GC heap after
{Heap after GC invocations=37 (full 0):
 garbage-first heap   total 107520K, used 53196K [0x0000000091000000, 0x0000000100000000)
  region size 1024K, 3 young (3072K), 3 survivors (3072K)
 Metaspace       used 121709K, committed 122816K, reserved 1179648K
  class space    used 16268K, committed 16768K, reserved 1048576K
}

